#
# A fatal error has been detected by the Java Runtime Environment:
#
#  EXCEPTION_ACCESS_VIOLATION (0xc0000005) at pc=0x00007ffd6f3934f6, pid=30852, tid=24996
#
# JRE version: Java(TM) SE Runtime Environment (17.0.4.1+1) (build 17.0.4.1+1-LTS-2)
# Java VM: Java HotSpot(TM) 64-Bit Server VM (17.0.4.1+1-LTS-2, mixed mode, sharing, tiered, compressed oops, compressed class ptrs, g1 gc, windows-amd64)
# Problematic frame:
# C  [ntdll.dll+0x634f6]
#
# No core dump will be written. Minidumps are not enabled by default on client versions of Windows
#
# If you would like to submit a bug report, please visit:
#   https://bugreport.java.com/bugreport/crash.jsp
# The crash happened outside the Java Virtual Machine in native code.
# See problematic frame for where to report the bug.
#

---------------  S U M M A R Y ------------

Command Line: -javaagent:X:\IntelliJIDEA\pack\IntelliJ IDEA Community Edition 2023.2.2\lib\idea_rt.jar=55238:X:\IntelliJIDEA\pack\IntelliJ IDEA Community Edition 2023.2.2\bin -Dfile.encoding=UTF-8 controller.mvc.game.Game

Host: AMD Ryzen 9 5900HX with Radeon Graphics        , 16 cores, 31G,  Windows 10 , 64 bit Build 19041 (10.0.19041.3570)
Time: Sat Nov 25 23:15:03 2023  Windows 10 , 64 bit Build 19041 (10.0.19041.3570) elapsed time: 5.369868 seconds (0d 0h 0m 5s)

---------------  T H R E A D  ---------------

Current thread (0x000002090a304a10):  JavaThread "Thread-0" [_thread_in_native, id=24996, stack(0x000000c878000000,0x000000c878100000)]

Stack: [0x000000c878000000,0x000000c878100000],  sp=0x000000c8780fe800,  free space=1018k
Native frames: (J=compiled Java code, j=interpreted, Vv=VM code, C=native code)
C  [ntdll.dll+0x634f6]
C  [ntdll.dll+0x2fcb4]
C  [ntdll.dll+0x2fae2]
C  0x00007ffd5c86fb4c

Java frames: (J=compiled Java code, j=interpreted, Vv=VM code)
j  sun.java2d.d3d.D3DSurfaceData.initOps(III)V+0 java.desktop@17.0.4.1
j  sun.java2d.d3d.D3DSurfaceData.<init>(Lsun/awt/windows/WComponentPeer;Lsun/java2d/d3d/D3DGraphicsConfig;IILjava/awt/Image;Ljava/awt/image/ColorModel;IILsun/java2d/pipe/hw/ExtendedBufferCapabilities$VSyncType;I)V+212 java.desktop@17.0.4.1
j  sun.java2d.d3d.D3DSurfaceData.createData(Lsun/java2d/d3d/D3DGraphicsConfig;IILjava/awt/image/ColorModel;Ljava/awt/Image;I)Lsun/java2d/d3d/D3DSurfaceData;+70 java.desktop@17.0.4.1
j  sun.java2d.d3d.D3DGraphicsConfig.createManagedSurface(III)Lsun/java2d/SurfaceData;+10 java.desktop@17.0.4.1
j  sun.java2d.d3d.D3DSurfaceDataProxy.validateSurfaceData(Lsun/java2d/SurfaceData;Lsun/java2d/SurfaceData;II)Lsun/java2d/SurfaceData;+22 java.desktop@17.0.4.1
j  sun.java2d.SurfaceDataProxy.replaceData(Lsun/java2d/SurfaceData;ILsun/java2d/loops/CompositeType;Ljava/awt/Color;)Lsun/java2d/SurfaceData;+191 java.desktop@17.0.4.1
j  sun.java2d.SurfaceData.getSourceSurfaceData(Ljava/awt/Image;ILsun/java2d/loops/CompositeType;Ljava/awt/Color;)Lsun/java2d/SurfaceData;+102 java.desktop@17.0.4.1
J 1555 c1 sun.java2d.pipe.DrawImage.renderImageScale(Lsun/java2d/SunGraphics2D;Ljava/awt/Image;Ljava/awt/Color;IIIIIDDDD)Z java.desktop@17.0.4.1 (158 bytes) @ 0x000002095d4fdc2c [0x000002095d4fd980+0x00000000000002ac]
J 1552 c1 sun.java2d.pipe.DrawImage.tryCopyOrScale(Lsun/java2d/SunGraphics2D;Ljava/awt/Image;IIIILjava/awt/Color;I[D)Z java.desktop@17.0.4.1 (260 bytes) @ 0x000002095d4fbb94 [0x000002095d4fae60+0x0000000000000d34]
J 1551 c1 sun.java2d.pipe.DrawImage.transformImage(Lsun/java2d/SunGraphics2D;Ljava/awt/Image;Ljava/awt/geom/AffineTransform;IIIIILjava/awt/Color;)V java.desktop@17.0.4.1 (124 bytes) @ 0x000002095d4fa6dc [0x000002095d4fa320+0x00000000000003bc]
j  sun.java2d.pipe.DrawImage.copyImage(Lsun/java2d/SunGraphics2D;Ljava/awt/Image;IILjava/awt/Color;)Z+100 java.desktop@17.0.4.1
j  sun.java2d.pipe.DrawImage.copyImage(Lsun/java2d/SunGraphics2D;Ljava/awt/Image;IILjava/awt/Color;Ljava/awt/image/ImageObserver;)Z+15 java.desktop@17.0.4.1
j  sun.java2d.pipe.ValidatePipe.copyImage(Lsun/java2d/SunGraphics2D;Ljava/awt/Image;IILjava/awt/Color;Ljava/awt/image/ImageObserver;)Z+21 java.desktop@17.0.4.1
j  sun.java2d.SunGraphics2D.drawImage(Ljava/awt/Image;IILjava/awt/Color;Ljava/awt/image/ImageObserver;)Z+71 java.desktop@17.0.4.1
j  sun.java2d.SunGraphics2D.drawImage(Ljava/awt/Image;IILjava/awt/image/ImageObserver;)Z+7 java.desktop@17.0.4.1
j  view.mvc.game.GamePanel.update(Ljava/awt/Graphics;)V+185
j  controller.mvc.game.Game.run()V+33
j  java.lang.Thread.run()V+11 java.base@17.0.4.1
v  ~StubRoutines::call_stub

siginfo: EXCEPTION_ACCESS_VIOLATION (0xc0000005), writing address 0x0000000000000024


Register to memory mapping:

RIP=0x00007ffd6f3934f6 ntdll.dll
RAX=0x0 is NULL
RBX=0x0000020902c74908 points into unknown readable memory: 0x0000000000000000 | 00 00 00 00 00 00 00 00
RCX=0x0000020902c74908 points into unknown readable memory: 0x0000000000000000 | 00 00 00 00 00 00 00 00
RDX=0x00000000fffffffa is an unknown value
RSP=0x000000c8780fe800 is pointing into the stack for thread: 0x000002090a304a10
RBP=0x00000000079a1300 is an unknown value
RSI=0x0 is NULL
RDI=0x0 is NULL
R8 =0x0 is NULL
R9 =0x0000020902c74900 points into unknown readable memory: 0x00007ffd5c9b2f10 | 10 2f 9b 5c fd 7f 00 00
R10=0x000335867959d145 is an unknown value
R11=0x000335867959d01c is an unknown value
R12=0x0 is NULL
R13=0x000000c874c4a000 points into unknown readable memory: 0x0000000000000000 | 00 00 00 00 00 00 00 00
R14=0x0000000000000001 is an unknown value
R15=0x0 is NULL


Registers:
RAX=0x0000000000000000, RBX=0x0000020902c74908, RCX=0x0000020902c74908, RDX=0x00000000fffffffa
RSP=0x000000c8780fe800, RBP=0x00000000079a1300, RSI=0x0000000000000000, RDI=0x0000000000000000
R8 =0x0000000000000000, R9 =0x0000020902c74900, R10=0x000335867959d145, R11=0x000335867959d01c
R12=0x0000000000000000, R13=0x000000c874c4a000, R14=0x0000000000000001, R15=0x0000000000000000
RIP=0x00007ffd6f3934f6, EFLAGS=0x0000000000010213

Top of Stack: (sp=0x000000c8780fe800)
0x000000c8780fe800:   ffffffffffffffff 0000020902c74908
0x000000c8780fe810:   0000020900000000 00007ffd0eb3fb70
0x000000c8780fe820:   000002090a304a10 00000209031f6fb0
0x000000c8780fe830:   0000020952f302b8 000002095cb28e10
0x000000c8780fe840:   000002090261ee00 00000000fffffffa
0x000000c8780fe850:   000000c874c4a000 000000c8780fe808
0x000000c8780fe860:   000000c8780fe849 0000000800000005
0x000000c8780fe870:   000002090261ee00 0000000000000000
0x000000c8780fe880:   000086963ac1cb3e 000000c80000000e
0x000000c8780fe890:   00001b68f4966e0a 0000000000000000
0x000000c8780fe8a0:   000002090a304a00 0000000000000001
0x000000c8780fe8b0:   0000000000000001 0000000000000001
0x000000c8780fe8c0:   0000000000000000 0000020902c74908
0x000000c8780fe8d0:   00000000079a1300 00007ffd6f35fcb4
0x000000c8780fe8e0:   00000209023eecc0 00007ffcdafe3d93
0x000000c8780fe8f0:   00000000fffffffa 0000000000000000 

Instructions: (pc=0x00007ffd6f3934f6)
0x00007ffd6f3933f6:   20 e9 ed fe ff ff 48 89 41 18 e9 e4 fe ff ff cc
0x00007ffd6f393406:   cc cc cc cc cc cc cc cc cc cc 80 3d f1 80 10 00
0x00007ffd6f393416:   00 0f 95 c0 c3 cc cc cc cc cc cc cc cc cc cc cc
0x00007ffd6f393426:   cc cc cc cc cc cc cc cc cc cc 48 83 ec 38 8b 05
0x00007ffd6f393436:   f2 66 10 00 89 44 24 20 e8 41 02 00 00 48 83 c4
0x00007ffd6f393446:   38 c3 cc cc cc cc cc cc cc cc 48 89 5c 24 18 55
0x00007ffd6f393456:   56 57 41 54 41 55 41 56 41 57 48 81 ec a0 00 00
0x00007ffd6f393466:   00 48 8b 05 a2 00 12 00 48 33 c4 48 89 84 24 90
0x00007ffd6f393476:   00 00 00 65 4c 8b 2c 25 30 00 00 00 48 8d 05 3f
0x00007ffd6f393486:   21 10 00 40 32 ed 89 54 24 48 33 f6 40 88 6c 24
0x00007ffd6f393496:   40 4c 89 6c 24 50 48 8b d9 44 8b e6 48 3b c8 0f
0x00007ffd6f3934a6:   84 39 01 00 00 40 38 35 56 80 10 00 0f 85 a8 01
0x00007ffd6f3934b6:   00 00 39 35 6a 80 10 00 0f 85 6a 01 00 00 40 38
0x00007ffd6f3934c6:   35 2d 7b 10 00 48 8d 3d 2e 7b 10 00 48 0f 45 fe
0x00007ffd6f3934d6:   48 39 73 18 0f 84 d2 00 00 00 48 8b 03 48 83 f8
0x00007ffd6f3934e6:   ff 0f 84 d2 00 00 00 44 8b fe 48 83 f8 ff 74 03
0x00007ffd6f3934f6:   ff 40 24 4c 8b 73 18 4c 8d 2d c4 20 10 00 bd 22
0x00007ffd6f393506:   17 00 00 e8 42 13 fc ff 85 c0 0f 85 f6 b3 05 00
0x00007ffd6f393516:   b9 82 03 fe 7f 80 39 00 0f 85 04 b4 05 00 49 83
0x00007ffd6f393526:   fe ff 0f 85 92 b4 05 00 4c 8b cf c7 44 24 20 00
0x00007ffd6f393536:   00 00 00 41 b8 04 00 00 00 48 8d 54 24 48 48 8d
0x00007ffd6f393546:   4b 08 e8 37 01 00 00 3d 02 01 00 00 0f 84 7b b4
0x00007ffd6f393556:   05 00 8b 4b 08 89 4c 24 48 f6 c1 02 75 ca 3d 02
0x00007ffd6f393566:   01 00 00 0f 84 64 b4 05 00 0f b6 6c 24 40 4c 8b
0x00007ffd6f393576:   6c 24 50 85 c0 0f 88 b0 b5 05 00 40 84 ed 75 73
0x00007ffd6f393586:   48 8b 8c 24 90 00 00 00 48 33 cc e8 3a 8f 02 00
0x00007ffd6f393596:   48 8b 9c 24 f0 00 00 00 48 81 c4 a0 00 00 00 41
0x00007ffd6f3935a6:   5f 41 5e 41 5d 41 5c 5f 5e 5d c3 cc 48 8b cb e8
0x00007ffd6f3935b6:   56 05 00 00 e9 21 ff ff ff 8b 4b 20 48 c7 c0 ff
0x00007ffd6f3935c6:   ff ff ff 48 0f ba e1 18 0f 82 19 ff ff ff 48 8b
0x00007ffd6f3935d6:   cb e8 64 e2 fa ff 48 8b 03 e9 09 ff ff ff c6 44
0x00007ffd6f3935e6:   24 40 01 41 c7 85 60 17 00 00 01 00 00 00 e9 b2 


Stack slot to memory mapping:
stack at sp + 0 slots: 0xffffffffffffffff is an unknown value
stack at sp + 1 slots: 0x0000020902c74908 points into unknown readable memory: 0x0000000000000000 | 00 00 00 00 00 00 00 00
stack at sp + 2 slots: 0x0000020900000000 points into unknown readable memory: 0x0000000000000000 | 00 00 00 00 00 00 00 00
stack at sp + 3 slots: 0x00007ffd0eb3fb70 awt.dll
stack at sp + 4 slots: 0x000002090a304a10 is a thread
stack at sp + 5 slots: 0x00000209031f6fb0 points into unknown readable memory: 0x00007ffd0eaf3710 | 10 37 af 0e fd 7f 00 00
stack at sp + 6 slots: 0x0000020952f302b8 points into unknown readable memory: 0x0006000701050006 | 06 00 05 01 07 00 06 00
stack at sp + 7 slots: 0x000002095cb28e10 is at code_begin+-112 in 
[CodeBlob (0x000002095cb28e10)]
Framesize: 0
BufferBlob (0x000002095cb28e10) used for Interpreter


---------------  P R O C E S S  ---------------

Threads class SMR info:
_java_thread_list=0x000002090a02ae60, length=41, elements={
0x00000209020170a0, 0x000002090201a6c0, 0x00000209020331b0, 0x0000020902034c80,
0x0000020902037740, 0x0000020902038ea0, 0x000002090203a840, 0x0000020902069dc0,
0x000002090206d2c0, 0x000002097f47e340, 0x000002090216e1c0, 0x000002090216e780,
0x00000209022375f0, 0x0000020902237ac0, 0x0000020902c13430, 0x0000020902c13d80,
0x0000020902c3cb50, 0x00000209552b4d30, 0x000002090a304a10, 0x000002090a305d50,
0x000002090a304ee0, 0x000002090a307a30, 0x000002090a3083d0, 0x000002090a306220,
0x000002090a305880, 0x000002090a307560, 0x000002090a3066f0, 0x000002090a306bc0,
0x000002090a307f00, 0x000002090adc2db0, 0x000002090adc75e0, 0x000002090adc3280,
0x000002090adc45c0, 0x000002090adc1a70, 0x000002090adc4f60, 0x000002090adc2410,
0x0000020902fceaa0, 0x000002090adc28e0, 0x000002090adc3c20, 0x000002090adc3750,
0x000002090adc15a0
}

Java Threads: ( => current thread )
  0x00000209020170a0 JavaThread "Reference Handler" daemon [_thread_blocked, id=4336, stack(0x000000c875800000,0x000000c875900000)]
  0x000002090201a6c0 JavaThread "Finalizer" daemon [_thread_blocked, id=6692, stack(0x000000c875900000,0x000000c875a00000)]
  0x00000209020331b0 JavaThread "Signal Dispatcher" daemon [_thread_blocked, id=35228, stack(0x000000c875a00000,0x000000c875b00000)]
  0x0000020902034c80 JavaThread "Attach Listener" daemon [_thread_blocked, id=35312, stack(0x000000c875b00000,0x000000c875c00000)]
  0x0000020902037740 JavaThread "Service Thread" daemon [_thread_blocked, id=14680, stack(0x000000c875c00000,0x000000c875d00000)]
  0x0000020902038ea0 JavaThread "Monitor Deflation Thread" daemon [_thread_blocked, id=35656, stack(0x000000c875d00000,0x000000c875e00000)]
  0x000002090203a840 JavaThread "C2 CompilerThread0" daemon [_thread_blocked, id=30824, stack(0x000000c875e00000,0x000000c875f00000)]
  0x0000020902069dc0 JavaThread "C1 CompilerThread0" daemon [_thread_blocked, id=35496, stack(0x000000c875f00000,0x000000c876000000)]
  0x000002090206d2c0 JavaThread "Sweeper thread" daemon [_thread_blocked, id=6720, stack(0x000000c876000000,0x000000c876100000)]
  0x000002097f47e340 JavaThread "Common-Cleaner" daemon [_thread_blocked, id=1152, stack(0x000000c876100000,0x000000c876200000)]
  0x000002090216e1c0 JavaThread "C1 CompilerThread1" daemon [_thread_blocked, id=12676, stack(0x000000c876200000,0x000000c876300000)]
  0x000002090216e780 JavaThread "C1 CompilerThread2" daemon [_thread_blocked, id=15796, stack(0x000000c876300000,0x000000c876400000)]
  0x00000209022375f0 JavaThread "Monitor Ctrl-Break" daemon [_thread_in_native, id=28076, stack(0x000000c876500000,0x000000c876600000)]
  0x0000020902237ac0 JavaThread "Notification Thread" daemon [_thread_blocked, id=24252, stack(0x000000c876600000,0x000000c876700000)]
  0x0000020902c13430 JavaThread "Java2D Disposer" daemon [_thread_blocked, id=31032, stack(0x000000c876800000,0x000000c876900000)]
  0x0000020902c13d80 JavaThread "AWT-Shutdown" [_thread_blocked, id=35024, stack(0x000000c876900000,0x000000c876a00000)]
  0x0000020902c3cb50 JavaThread "AWT-EventQueue-0" [_thread_blocked, id=15556, stack(0x000000c876b00000,0x000000c876c00000)]
  0x00000209552b4d30 JavaThread "DestroyJavaVM" [_thread_blocked, id=21908, stack(0x000000c875100000,0x000000c875200000)]
=>0x000002090a304a10 JavaThread "Thread-0" [_thread_in_native, id=24996, stack(0x000000c878000000,0x000000c878100000)]
  0x000002090a305d50 JavaThread "Timer-0" [_thread_blocked, id=28380, stack(0x000000c878200000,0x000000c878300000)]
  0x000002090a304ee0 JavaThread "Timer-1" [_thread_blocked, id=35088, stack(0x000000c878300000,0x000000c878400000)]
  0x000002090a307a30 JavaThread "pool-1-thread-1" [_thread_blocked, id=34864, stack(0x000000c878600000,0x000000c878700000)]
  0x000002090a3083d0 JavaThread "Java Sound Event Dispatcher" daemon [_thread_blocked, id=33600, stack(0x000000c878900000,0x000000c878a00000)]
  0x000002090a306220 JavaThread "Direct Clip" daemon [_thread_blocked, id=18788, stack(0x000000c878d00000,0x000000c878e00000)]
  0x000002090a305880 JavaThread "pool-1-thread-2" [_thread_blocked, id=28148, stack(0x000000c879a00000,0x000000c879b00000)]
  0x000002090a307560 JavaThread "Direct Clip" daemon [_thread_blocked, id=12252, stack(0x000000c879b00000,0x000000c879c00000)]
  0x000002090a3066f0 JavaThread "pool-1-thread-3" [_thread_blocked, id=28784, stack(0x000000c879c00000,0x000000c879d00000)]
  0x000002090a306bc0 JavaThread "pool-1-thread-4" [_thread_blocked, id=14264, stack(0x000000c879d00000,0x000000c879e00000)]
  0x000002090a307f00 JavaThread "Direct Clip" daemon [_thread_blocked, id=11824, stack(0x000000c879e00000,0x000000c879f00000)]
  0x000002090adc2db0 JavaThread "Direct Clip" daemon [_thread_blocked, id=32664, stack(0x000000c879f00000,0x000000c87a000000)]
  0x000002090adc75e0 JavaThread "pool-1-thread-5" [_thread_blocked, id=22860, stack(0x000000c87a000000,0x000000c87a100000)]
  0x000002090adc3280 JavaThread "Direct Clip" daemon [_thread_blocked, id=17852, stack(0x000000c87a100000,0x000000c87a200000)]
  0x000002090adc45c0 JavaThread "Direct Clip" daemon [_thread_blocked, id=14308, stack(0x000000c878400000,0x000000c878500000)]
  0x000002090adc1a70 JavaThread "Direct Clip" daemon [_thread_blocked, id=23376, stack(0x000000c878500000,0x000000c878600000)]
  0x000002090adc4f60 JavaThread "Direct Clip" daemon [_thread_blocked, id=20536, stack(0x000000c87a300000,0x000000c87a400000)]
  0x000002090adc2410 JavaThread "Direct Clip" daemon [_thread_blocked, id=20832, stack(0x000000c87a400000,0x000000c87a500000)]
  0x0000020902fceaa0 JavaThread "C1 CompilerThread3" daemon [_thread_blocked, id=35276, stack(0x000000c87a500000,0x000000c87a600000)]
  0x000002090adc28e0 JavaThread "Direct Clip" daemon [_thread_blocked, id=15064, stack(0x000000c87a600000,0x000000c87a700000)]
  0x000002090adc3c20 JavaThread "Direct Clip" daemon [_thread_blocked, id=34120, stack(0x000000c87a200000,0x000000c87a300000)]
  0x000002090adc3750 JavaThread "Direct Clip" daemon [_thread_blocked, id=28068, stack(0x000000c87a700000,0x000000c87a800000)]
  0x000002090adc15a0 JavaThread "ToolkitShutdown" daemon [_thread_in_native, id=29684, stack(0x000000c87aa00000,0x000000c87ab00000)]

Other Threads:
  0x0000020902012450 VMThread "VM Thread" [stack: 0x000000c875700000,0x000000c875800000] [id=6448]
  0x0000020902238c20 WatcherThread [stack: 0x000000c876700000,0x000000c876800000] [id=34328]
  0x0000020955360330 GCTaskThread "GC Thread#0" [stack: 0x000000c875200000,0x000000c875300000] [id=35804]
  0x000002090a828ad0 GCTaskThread "GC Thread#1" [stack: 0x000000c878c00000,0x000000c878d00000] [id=23588]
  0x000002090a827800 GCTaskThread "GC Thread#2" [stack: 0x000000c878e00000,0x000000c878f00000] [id=20164]
  0x000002090a827ab0 GCTaskThread "GC Thread#3" [stack: 0x000000c878f00000,0x000000c879000000] [id=21084]
  0x000002090a829030 GCTaskThread "GC Thread#4" [stack: 0x000000c879000000,0x000000c879100000] [id=3616]
  0x000002090a828570 GCTaskThread "GC Thread#5" [stack: 0x000000c879100000,0x000000c879200000] [id=24592]
  0x000002090a827d60 GCTaskThread "GC Thread#6" [stack: 0x000000c879200000,0x000000c879300000] [id=6492]
  0x000002090a828820 GCTaskThread "GC Thread#7" [stack: 0x000000c879300000,0x000000c879400000] [id=28136]
  0x000002090a828010 GCTaskThread "GC Thread#8" [stack: 0x000000c879400000,0x000000c879500000] [id=15008]
  0x000002090abc7a70 GCTaskThread "GC Thread#9" [stack: 0x000000c879500000,0x000000c879600000] [id=22732]
  0x000002090abc6fb0 GCTaskThread "GC Thread#10" [stack: 0x000000c879600000,0x000000c879700000] [id=13908]
  0x000002090abc4f70 GCTaskThread "GC Thread#11" [stack: 0x000000c879700000,0x000000c879800000] [id=28884]
  0x000002090abc5780 GCTaskThread "GC Thread#12" [stack: 0x000000c879800000,0x000000c879900000] [id=26276]
  0x00000209530bde80 ConcurrentGCThread "G1 Main Marker" [stack: 0x000000c875300000,0x000000c875400000] [id=21760]
  0x00000209530be890 ConcurrentGCThread "G1 Conc#0" [stack: 0x000000c875400000,0x000000c875500000] [id=27464]
  0x000002095537e810 ConcurrentGCThread "G1 Refine#0" [stack: 0x000000c875500000,0x000000c875600000] [id=26228]
  0x000002097f34b880 ConcurrentGCThread "G1 Service" [stack: 0x000000c875600000,0x000000c875700000] [id=5672]

Threads with active compile tasks:

VM state: not at safepoint (normal execution)

VM Mutex/Monitor currently owned by a thread: None

Heap address: 0x0000000609400000, size: 8044 MB, Compressed Oops mode: Zero based, Oop shift amount: 3

CDS archive(s) mapped at: [0x0000000800000000-0x0000000800bc0000-0x0000000800bc0000), size 12320768, SharedBaseAddress: 0x0000000800000000, ArchiveRelocationMode: 0.
Compressed class space mapped at: 0x0000000800c00000-0x0000000840c00000, reserved size: 1073741824
Narrow klass base: 0x0000000800000000, Narrow klass shift: 0, Narrow klass range: 0x100000000

GC Precious Log:
 CPUs: 16 total, 16 available
 Memory: 32160M
 Large Page Support: Disabled
 NUMA Support: Disabled
 Compressed Oops: Enabled (Zero based)
 Heap Region Size: 4M
 Heap Min Capacity: 8M
 Heap Initial Capacity: 504M
 Heap Max Capacity: 8044M
 Pre-touch: Disabled
 Parallel Workers: 13
 Concurrent Workers: 3
 Concurrent Refinement Workers: 13
 Periodic GC: Disabled

Heap:
 garbage-first heap   total 516096K, used 234238K [0x0000000609400000, 0x0000000800000000)
  region size 4096K, 8 young (32768K), 1 survivors (4096K)
 Metaspace       used 10180K, committed 10368K, reserved 1064960K
  class space    used 1049K, committed 1152K, reserved 1048576K

Heap Regions: E=young(eden), S=young(survivor), O=old, HS=humongous(starts), HC=humongous(continues), CS=collection set, F=free, OA=open archive, CA=closed archive, TAMS=top-at-mark-start (previous, next)
|   0|0x0000000609400000, 0x0000000609800000, 0x0000000609800000|100%|HS|  |TAMS 0x0000000609400000, 0x0000000609800000| Complete 
|   1|0x0000000609800000, 0x0000000609c00000, 0x0000000609c00000|100%|HS|  |TAMS 0x0000000609800000, 0x0000000609c00000| Complete 
|   2|0x0000000609c00000, 0x000000060a000000, 0x000000060a000000|100%|HS|  |TAMS 0x0000000609c00000, 0x000000060a000000| Complete 
|   3|0x000000060a000000, 0x000000060a400000, 0x000000060a400000|100%|HS|  |TAMS 0x000000060a000000, 0x000000060a400000| Complete 
|   4|0x000000060a400000, 0x000000060a800000, 0x000000060a800000|100%|HS|  |TAMS 0x000000060a400000, 0x000000060a800000| Complete 
|   5|0x000000060a800000, 0x000000060ac00000, 0x000000060ac00000|100%|HS|  |TAMS 0x000000060a800000, 0x000000060ac00000| Complete 
|   6|0x000000060ac00000, 0x000000060b000000, 0x000000060b000000|100%|HS|  |TAMS 0x000000060ac00000, 0x000000060b000000| Complete 
|   7|0x000000060b000000, 0x000000060b400000, 0x000000060b400000|100%|HS|  |TAMS 0x000000060b000000, 0x000000060b400000| Complete 
|   8|0x000000060b400000, 0x000000060b800000, 0x000000060b800000|100%|HS|  |TAMS 0x000000060b400000, 0x000000060b800000| Complete 
|   9|0x000000060b800000, 0x000000060bc00000, 0x000000060bc00000|100%|HS|  |TAMS 0x000000060b800000, 0x000000060bc00000| Complete 
|  10|0x000000060bc00000, 0x000000060c000000, 0x000000060c000000|100%|HS|  |TAMS 0x000000060bc00000, 0x000000060c000000| Complete 
|  11|0x000000060c000000, 0x000000060c400000, 0x000000060c400000|100%|HS|  |TAMS 0x000000060c000000, 0x000000060c400000| Complete 
|  12|0x000000060c400000, 0x000000060c800000, 0x000000060c800000|100%|HS|  |TAMS 0x000000060c400000, 0x000000060c800000| Complete 
|  13|0x000000060c800000, 0x000000060cc00000, 0x000000060cc00000|100%|HS|  |TAMS 0x000000060c800000, 0x000000060cc00000| Complete 
|  14|0x000000060cc00000, 0x000000060d000000, 0x000000060d000000|100%|HS|  |TAMS 0x000000060cc00000, 0x000000060d000000| Complete 
|  15|0x000000060d000000, 0x000000060d400000, 0x000000060d400000|100%|HS|  |TAMS 0x000000060d000000, 0x000000060d400000| Complete 
|  16|0x000000060d400000, 0x000000060d800000, 0x000000060d800000|100%|HS|  |TAMS 0x000000060d400000, 0x000000060d800000| Complete 
|  17|0x000000060d800000, 0x000000060dc00000, 0x000000060dc00000|100%|HS|  |TAMS 0x000000060d800000, 0x000000060dc00000| Complete 
|  18|0x000000060dc00000, 0x000000060e000000, 0x000000060e000000|100%|HS|  |TAMS 0x000000060dc00000, 0x000000060e000000| Complete 
|  19|0x000000060e000000, 0x000000060e3fee00, 0x000000060e400000| 99%| O|  |TAMS 0x000000060e000000, 0x000000060e3fee00| Untracked 
|  20|0x000000060e400000, 0x000000060e800000, 0x000000060e800000|100%|HS|  |TAMS 0x000000060e400000, 0x000000060e400000| Complete 
|  21|0x000000060e800000, 0x000000060ec00000, 0x000000060ec00000|100%|HS|  |TAMS 0x000000060e800000, 0x000000060e800000| Complete 
|  22|0x000000060ec00000, 0x000000060f000000, 0x000000060f000000|100%|HS|  |TAMS 0x000000060ec00000, 0x000000060ec00000| Complete 
|  23|0x000000060f000000, 0x000000060f400000, 0x000000060f400000|100%|HS|  |TAMS 0x000000060f000000, 0x000000060f000000| Complete 
|  24|0x000000060f400000, 0x000000060f800000, 0x000000060f800000|100%|HS|  |TAMS 0x000000060f400000, 0x000000060f400000| Complete 
|  25|0x000000060f800000, 0x000000060fc00000, 0x000000060fc00000|100%|HS|  |TAMS 0x000000060f800000, 0x000000060f800000| Complete 
|  26|0x000000060fc00000, 0x0000000610000000, 0x0000000610000000|100%|HS|  |TAMS 0x000000060fc00000, 0x000000060fc00000| Complete 
|  27|0x0000000610000000, 0x0000000610400000, 0x0000000610400000|100%|HS|  |TAMS 0x0000000610000000, 0x0000000610000000| Complete 
|  28|0x0000000610400000, 0x0000000610800000, 0x0000000610800000|100%|HS|  |TAMS 0x0000000610400000, 0x0000000610400000| Complete 
|  29|0x0000000610800000, 0x0000000610c00000, 0x0000000610c00000|100%|HS|  |TAMS 0x0000000610800000, 0x0000000610800000| Complete 
|  30|0x0000000610c00000, 0x0000000611000000, 0x0000000611000000|100%|HS|  |TAMS 0x0000000610c00000, 0x0000000610c00000| Complete 
|  31|0x0000000611000000, 0x0000000611400000, 0x0000000611400000|100%|HS|  |TAMS 0x0000000611000000, 0x0000000611000000| Complete 
|  32|0x0000000611400000, 0x0000000611800000, 0x0000000611800000|100%|HS|  |TAMS 0x0000000611400000, 0x0000000611400000| Complete 
|  33|0x0000000611800000, 0x0000000611c00000, 0x0000000611c00000|100%|HS|  |TAMS 0x0000000611800000, 0x0000000611800000| Complete 
|  34|0x0000000611c00000, 0x0000000612000000, 0x0000000612000000|100%|HS|  |TAMS 0x0000000611c00000, 0x0000000611c00000| Complete 
|  35|0x0000000612000000, 0x0000000612400000, 0x0000000612400000|100%|HS|  |TAMS 0x0000000612000000, 0x0000000612000000| Complete 
|  36|0x0000000612400000, 0x0000000612800000, 0x0000000612800000|100%|HS|  |TAMS 0x0000000612400000, 0x0000000612400000| Complete 
|  37|0x0000000612800000, 0x0000000612c00000, 0x0000000612c00000|100%|HS|  |TAMS 0x0000000612800000, 0x0000000612800000| Complete 
|  38|0x0000000612c00000, 0x0000000613000000, 0x0000000613000000|100%|HS|  |TAMS 0x0000000612c00000, 0x0000000612c00000| Complete 
|  39|0x0000000613000000, 0x0000000613400000, 0x0000000613400000|100%|HS|  |TAMS 0x0000000613000000, 0x0000000613000000| Complete 
|  40|0x0000000613400000, 0x0000000613800000, 0x0000000613800000|100%|HS|  |TAMS 0x0000000613400000, 0x0000000613400000| Complete 
|  41|0x0000000613800000, 0x0000000613c00000, 0x0000000613c00000|100%|HS|  |TAMS 0x0000000613800000, 0x0000000613800000| Complete 
|  42|0x0000000613c00000, 0x0000000614000000, 0x0000000614000000|100%|HS|  |TAMS 0x0000000613c00000, 0x0000000613c00000| Complete 
|  43|0x0000000614000000, 0x0000000614400000, 0x0000000614400000|100%|HS|  |TAMS 0x0000000614000000, 0x0000000614000000| Complete 
|  44|0x0000000614400000, 0x0000000614800000, 0x0000000614800000|100%|HS|  |TAMS 0x0000000614400000, 0x0000000614400000| Complete 
|  45|0x0000000614800000, 0x0000000614c00000, 0x0000000614c00000|100%|HS|  |TAMS 0x0000000614800000, 0x0000000614800000| Complete 
|  46|0x0000000614c00000, 0x0000000615000000, 0x0000000615000000|100%|HS|  |TAMS 0x0000000614c00000, 0x0000000614c00000| Complete 
|  47|0x0000000615000000, 0x0000000615400000, 0x0000000615400000|100%|HS|  |TAMS 0x0000000615000000, 0x0000000615000000| Complete 
|  48|0x0000000615400000, 0x0000000615800000, 0x0000000615800000|100%|HS|  |TAMS 0x0000000615400000, 0x0000000615400000| Complete 
|  49|0x0000000615800000, 0x0000000615c00000, 0x0000000615c00000|100%|HS|  |TAMS 0x0000000615800000, 0x0000000615800000| Complete 
|  50|0x0000000615c00000, 0x0000000615c00000, 0x0000000616000000|  0%| F|  |TAMS 0x0000000615c00000, 0x0000000615c00000| Untracked 
|  51|0x0000000616000000, 0x0000000616000000, 0x0000000616400000|  0%| F|  |TAMS 0x0000000616000000, 0x0000000616000000| Untracked 
|  52|0x0000000616400000, 0x0000000616400000, 0x0000000616800000|  0%| F|  |TAMS 0x0000000616400000, 0x0000000616400000| Untracked 
|  53|0x0000000616800000, 0x0000000616800000, 0x0000000616c00000|  0%| F|  |TAMS 0x0000000616800000, 0x0000000616800000| Untracked 
|  54|0x0000000616c00000, 0x0000000616c00000, 0x0000000617000000|  0%| F|  |TAMS 0x0000000616c00000, 0x0000000616c00000| Untracked 
|  55|0x0000000617000000, 0x0000000617400000, 0x0000000617400000|100%|HS|  |TAMS 0x0000000617000000, 0x0000000617400000| Complete 
|  56|0x0000000617400000, 0x0000000617400000, 0x0000000617800000|  0%| F|  |TAMS 0x0000000617400000, 0x0000000617400000| Untracked 
|  57|0x0000000617800000, 0x0000000617800000, 0x0000000617c00000|  0%| F|  |TAMS 0x0000000617800000, 0x0000000617800000| Untracked 
|  58|0x0000000617c00000, 0x0000000617c00000, 0x0000000618000000|  0%| F|  |TAMS 0x0000000617c00000, 0x0000000617c00000| Untracked 
|  59|0x0000000618000000, 0x0000000618000000, 0x0000000618400000|  0%| F|  |TAMS 0x0000000618000000, 0x0000000618000000| Untracked 
|  60|0x0000000618400000, 0x0000000618400000, 0x0000000618800000|  0%| F|  |TAMS 0x0000000618400000, 0x0000000618400000| Untracked 
|  61|0x0000000618800000, 0x0000000618800000, 0x0000000618c00000|  0%| F|  |TAMS 0x0000000618800000, 0x0000000618800000| Untracked 
|  62|0x0000000618c00000, 0x0000000618c00000, 0x0000000619000000|  0%| F|  |TAMS 0x0000000618c00000, 0x0000000618c00000| Untracked 
|  63|0x0000000619000000, 0x0000000619000000, 0x0000000619400000|  0%| F|  |TAMS 0x0000000619000000, 0x0000000619000000| Untracked 
|  64|0x0000000619400000, 0x0000000619400000, 0x0000000619800000|  0%| F|  |TAMS 0x0000000619400000, 0x0000000619400000| Untracked 
|  65|0x0000000619800000, 0x0000000619800000, 0x0000000619c00000|  0%| F|  |TAMS 0x0000000619800000, 0x0000000619800000| Untracked 
|  66|0x0000000619c00000, 0x0000000619c00000, 0x000000061a000000|  0%| F|  |TAMS 0x0000000619c00000, 0x0000000619c00000| Untracked 
|  67|0x000000061a000000, 0x000000061a000000, 0x000000061a400000|  0%| F|  |TAMS 0x000000061a000000, 0x000000061a000000| Untracked 
|  68|0x000000061a400000, 0x000000061a400000, 0x000000061a800000|  0%| F|  |TAMS 0x000000061a400000, 0x000000061a400000| Untracked 
|  69|0x000000061a800000, 0x000000061a800000, 0x000000061ac00000|  0%| F|  |TAMS 0x000000061a800000, 0x000000061a800000| Untracked 
|  70|0x000000061ac00000, 0x000000061ac00000, 0x000000061b000000|  0%| F|  |TAMS 0x000000061ac00000, 0x000000061ac00000| Untracked 
|  71|0x000000061b000000, 0x000000061b000000, 0x000000061b400000|  0%| F|  |TAMS 0x000000061b000000, 0x000000061b000000| Untracked 
|  72|0x000000061b400000, 0x000000061b400000, 0x000000061b800000|  0%| F|  |TAMS 0x000000061b400000, 0x000000061b400000| Untracked 
|  73|0x000000061b800000, 0x000000061b800000, 0x000000061bc00000|  0%| F|  |TAMS 0x000000061b800000, 0x000000061b800000| Untracked 
|  74|0x000000061bc00000, 0x000000061bc00000, 0x000000061c000000|  0%| F|  |TAMS 0x000000061bc00000, 0x000000061bc00000| Untracked 
|  75|0x000000061c000000, 0x000000061c000000, 0x000000061c400000|  0%| F|  |TAMS 0x000000061c000000, 0x000000061c000000| Untracked 
|  76|0x000000061c400000, 0x000000061c400000, 0x000000061c800000|  0%| F|  |TAMS 0x000000061c400000, 0x000000061c400000| Untracked 
|  77|0x000000061c800000, 0x000000061c800000, 0x000000061cc00000|  0%| F|  |TAMS 0x000000061c800000, 0x000000061c800000| Untracked 
|  78|0x000000061cc00000, 0x000000061cc00000, 0x000000061d000000|  0%| F|  |TAMS 0x000000061cc00000, 0x000000061cc00000| Untracked 
|  79|0x000000061d000000, 0x000000061d000000, 0x000000061d400000|  0%| F|  |TAMS 0x000000061d000000, 0x000000061d000000| Untracked 
|  80|0x000000061d400000, 0x000000061d400000, 0x000000061d800000|  0%| F|  |TAMS 0x000000061d400000, 0x000000061d400000| Untracked 
|  81|0x000000061d800000, 0x000000061d800000, 0x000000061dc00000|  0%| F|  |TAMS 0x000000061d800000, 0x000000061d800000| Untracked 
|  82|0x000000061dc00000, 0x000000061dc00000, 0x000000061e000000|  0%| F|  |TAMS 0x000000061dc00000, 0x000000061dc00000| Untracked 
|  83|0x000000061e000000, 0x000000061e000000, 0x000000061e400000|  0%| F|  |TAMS 0x000000061e000000, 0x000000061e000000| Untracked 
|  84|0x000000061e400000, 0x000000061e400000, 0x000000061e800000|  0%| F|  |TAMS 0x000000061e400000, 0x000000061e400000| Untracked 
|  85|0x000000061e800000, 0x000000061e800000, 0x000000061ec00000|  0%| F|  |TAMS 0x000000061e800000, 0x000000061e800000| Untracked 
|  86|0x000000061ec00000, 0x000000061ec00000, 0x000000061f000000|  0%| F|  |TAMS 0x000000061ec00000, 0x000000061ec00000| Untracked 
|  87|0x000000061f000000, 0x000000061f000000, 0x000000061f400000|  0%| F|  |TAMS 0x000000061f000000, 0x000000061f000000| Untracked 
|  88|0x000000061f400000, 0x000000061f400000, 0x000000061f800000|  0%| F|  |TAMS 0x000000061f400000, 0x000000061f400000| Untracked 
|  89|0x000000061f800000, 0x000000061f800000, 0x000000061fc00000|  0%| F|  |TAMS 0x000000061f800000, 0x000000061f800000| Untracked 
|  90|0x000000061fc00000, 0x000000061fc00000, 0x0000000620000000|  0%| F|  |TAMS 0x000000061fc00000, 0x000000061fc00000| Untracked 
|  91|0x0000000620000000, 0x0000000620000000, 0x0000000620400000|  0%| F|  |TAMS 0x0000000620000000, 0x0000000620000000| Untracked 
|  92|0x0000000620400000, 0x0000000620400000, 0x0000000620800000|  0%| F|  |TAMS 0x0000000620400000, 0x0000000620400000| Untracked 
|  93|0x0000000620800000, 0x0000000620800000, 0x0000000620c00000|  0%| F|  |TAMS 0x0000000620800000, 0x0000000620800000| Untracked 
|  94|0x0000000620c00000, 0x0000000620c00000, 0x0000000621000000|  0%| F|  |TAMS 0x0000000620c00000, 0x0000000620c00000| Untracked 
|  95|0x0000000621000000, 0x0000000621000000, 0x0000000621400000|  0%| F|  |TAMS 0x0000000621000000, 0x0000000621000000| Untracked 
|  96|0x0000000621400000, 0x0000000621400000, 0x0000000621800000|  0%| F|  |TAMS 0x0000000621400000, 0x0000000621400000| Untracked 
|  97|0x0000000621800000, 0x0000000621800000, 0x0000000621c00000|  0%| F|  |TAMS 0x0000000621800000, 0x0000000621800000| Untracked 
|  98|0x0000000621c00000, 0x0000000621c00000, 0x0000000622000000|  0%| F|  |TAMS 0x0000000621c00000, 0x0000000621c00000| Untracked 
|  99|0x0000000622000000, 0x0000000622000000, 0x0000000622400000|  0%| F|  |TAMS 0x0000000622000000, 0x0000000622000000| Untracked 
| 100|0x0000000622400000, 0x0000000622400000, 0x0000000622800000|  0%| F|  |TAMS 0x0000000622400000, 0x0000000622400000| Untracked 
| 101|0x0000000622800000, 0x0000000622800000, 0x0000000622c00000|  0%| F|  |TAMS 0x0000000622800000, 0x0000000622800000| Untracked 
| 102|0x0000000622c00000, 0x0000000622c00000, 0x0000000623000000|  0%| F|  |TAMS 0x0000000622c00000, 0x0000000622c00000| Untracked 
| 103|0x0000000623000000, 0x0000000623000000, 0x0000000623400000|  0%| F|  |TAMS 0x0000000623000000, 0x0000000623000000| Untracked 
| 104|0x0000000623400000, 0x0000000623400000, 0x0000000623800000|  0%| F|  |TAMS 0x0000000623400000, 0x0000000623400000| Untracked 
| 105|0x0000000623800000, 0x0000000623800000, 0x0000000623c00000|  0%| F|  |TAMS 0x0000000623800000, 0x0000000623800000| Untracked 
| 106|0x0000000623c00000, 0x0000000623c00000, 0x0000000624000000|  0%| F|  |TAMS 0x0000000623c00000, 0x0000000623c00000| Untracked 
| 107|0x0000000624000000, 0x0000000624000000, 0x0000000624400000|  0%| F|  |TAMS 0x0000000624000000, 0x0000000624000000| Untracked 
| 108|0x0000000624400000, 0x0000000624400000, 0x0000000624800000|  0%| F|  |TAMS 0x0000000624400000, 0x0000000624400000| Untracked 
| 109|0x0000000624800000, 0x0000000624800000, 0x0000000624c00000|  0%| F|  |TAMS 0x0000000624800000, 0x0000000624800000| Untracked 
| 110|0x0000000624c00000, 0x0000000624c00000, 0x0000000625000000|  0%| F|  |TAMS 0x0000000624c00000, 0x0000000624c00000| Untracked 
| 111|0x0000000625000000, 0x0000000625000000, 0x0000000625400000|  0%| F|  |TAMS 0x0000000625000000, 0x0000000625000000| Untracked 
| 112|0x0000000625400000, 0x0000000625400000, 0x0000000625800000|  0%| F|  |TAMS 0x0000000625400000, 0x0000000625400000| Untracked 
| 113|0x0000000625800000, 0x0000000625800000, 0x0000000625c00000|  0%| F|  |TAMS 0x0000000625800000, 0x0000000625800000| Untracked 
| 114|0x0000000625c00000, 0x0000000625c00000, 0x0000000626000000|  0%| F|  |TAMS 0x0000000625c00000, 0x0000000625c00000| Untracked 
| 115|0x0000000626000000, 0x0000000626000000, 0x0000000626400000|  0%| F|  |TAMS 0x0000000626000000, 0x0000000626000000| Untracked 
| 116|0x0000000626400000, 0x0000000626400000, 0x0000000626800000|  0%| F|  |TAMS 0x0000000626400000, 0x0000000626400000| Untracked 
| 117|0x0000000626800000, 0x0000000626800000, 0x0000000626c00000|  0%| F|  |TAMS 0x0000000626800000, 0x0000000626800000| Untracked 
| 118|0x0000000626c00000, 0x0000000626c508f8, 0x0000000627000000|  7%| E|  |TAMS 0x0000000626c00000, 0x0000000626c00000| Complete 
| 119|0x0000000627000000, 0x0000000627400000, 0x0000000627400000|100%| E|CS|TAMS 0x0000000627000000, 0x0000000627000000| Complete 
| 120|0x0000000627400000, 0x0000000627800000, 0x0000000627800000|100%| E|CS|TAMS 0x0000000627400000, 0x0000000627400000| Complete 
| 121|0x0000000627800000, 0x0000000627c00000, 0x0000000627c00000|100%| E|CS|TAMS 0x0000000627800000, 0x0000000627800000| Complete 
| 122|0x0000000627c00000, 0x0000000627cc0dc8, 0x0000000628000000| 18%| S|CS|TAMS 0x0000000627c00000, 0x0000000627c00000| Complete 
| 123|0x0000000628000000, 0x0000000628400000, 0x0000000628400000|100%| E|CS|TAMS 0x0000000628000000, 0x0000000628000000| Complete 
| 124|0x0000000628400000, 0x0000000628800000, 0x0000000628800000|100%| E|CS|TAMS 0x0000000628400000, 0x0000000628400000| Complete 
| 125|0x0000000628800000, 0x0000000628c00000, 0x0000000628c00000|100%| E|CS|TAMS 0x0000000628800000, 0x0000000628800000| Complete 

Card table byte_map: [0x000002096d360000,0x000002096e320000] _byte_map_base: 0x000002096a316000

Marking Bits (Prev, Next): (CMBitMap*) 0x0000020955360940, (CMBitMap*) 0x0000020955360980
 Prev Bits: [0x000002096f2e0000, 0x0000020977090000)
 Next Bits: [0x0000020977090000, 0x000002097ee40000)

Polling page: 0x0000020953210000

Metaspace:

Usage:
  Non-class:      8.92 MB used.
      Class:      1.02 MB used.
       Both:      9.94 MB used.

Virtual space:
  Non-class space:       16.00 MB reserved,       9.00 MB ( 56%) committed,  2 nodes.
      Class space:        1.00 GB reserved,       1.12 MB ( <1%) committed,  1 nodes.
             Both:        1.02 GB reserved,      10.12 MB ( <1%) committed. 

Chunk freelists:
   Non-Class:  2.95 MB
       Class:  2.75 MB
        Both:  5.70 MB

MaxMetaspaceSize: unlimited
CompressedClassSpaceSize: 1.00 GB
Initial GC threshold: 21.00 MB
Current GC threshold: 21.00 MB
CDS: on
MetaspaceReclaimPolicy: balanced
 - commit_granule_bytes: 65536.
 - commit_granule_words: 8192.
 - virtual_space_node_default_size: 1048576.
 - enlarge_chunks_in_place: 1.
 - new_chunks_are_fully_committed: 0.
 - uncommit_free_chunks: 1.
 - use_allocation_guard: 0.
 - handle_deallocations: 1.


Internal statistics:

num_allocs_failed_limit: 0.
num_arena_births: 138.
num_arena_deaths: 0.
num_vsnodes_births: 3.
num_vsnodes_deaths: 0.
num_space_committed: 162.
num_space_uncommitted: 0.
num_chunks_returned_to_freelist: 0.
num_chunks_taken_from_freelist: 218.
num_chunk_merges: 0.
num_chunk_splits: 116.
num_chunks_enlarged: 45.
num_purges: 0.
num_inconsistent_stats: 0.

CodeHeap 'non-profiled nmethods': size=119168Kb used=1083Kb max_used=1083Kb free=118085Kb
 bounds [0x00000209646c0000, 0x0000020964930000, 0x000002096bb20000]
CodeHeap 'profiled nmethods': size=119104Kb used=3967Kb max_used=3967Kb free=115137Kb
 bounds [0x000002095d270000, 0x000002095d650000, 0x00000209646c0000]
CodeHeap 'non-nmethods': size=7488Kb used=2995Kb max_used=3035Kb free=4492Kb
 bounds [0x000002095cb20000, 0x000002095ce30000, 0x000002095d270000]
 total_blobs=2859 nmethods=2226 adapters=542
 compilation: enabled
              stopped_count=0, restarted_count=0
 full_count=0

Compilation events (20 events):
Event: 5.187 Thread 0x0000020902069dc0 nmethod 2218 0x000002095d64e810 code [0x000002095d64ea60, 0x000002095d64f448]
Event: 5.193 Thread 0x000002090203a840 nmethod 2216 0x00000209647cad90 code [0x00000209647caf60, 0x00000209647cbbd8]
Event: 5.214 Thread 0x0000020902069dc0 2219       1       sun.awt.windows.WObjectPeer::getTarget (5 bytes)
Event: 5.214 Thread 0x0000020902069dc0 nmethod 2219 0x00000209647cc090 code [0x00000209647cc220, 0x00000209647cc2f8]
Event: 5.216 Thread 0x000002090203a840 2220       4       java.awt.geom.AffineTransform::updateState (230 bytes)
Event: 5.217 Thread 0x000002090203a840 nmethod 2220 0x00000209647cc390 code [0x00000209647cc540, 0x00000209647cc738]
Event: 5.244 Thread 0x000002090203a840 2221       4       java.awt.geom.AffineTransform::calculateType (536 bytes)
Event: 5.246 Thread 0x000002090203a840 nmethod 2221 0x00000209647cc810 code [0x00000209647cca20, 0x00000209647ccf98]
Event: 5.333 Thread 0x0000020902fceaa0 2222       1       sun.awt.Win32GraphicsDevice::getDefaultScaleX (5 bytes)
Event: 5.333 Thread 0x000002090216e780 2223       1       sun.awt.Win32GraphicsDevice::getDefaultScaleY (5 bytes)
Event: 5.333 Thread 0x0000020902fceaa0 nmethod 2222 0x00000209647cd290 code [0x00000209647cd420, 0x00000209647cd4f8]
Event: 5.333 Thread 0x000002090216e780 nmethod 2223 0x00000209647cd590 code [0x00000209647cd720, 0x00000209647cd7f8]
Event: 5.335 Thread 0x000002090203a840 2224  s    4       sun.awt.image.BufImgSurfaceData::getSolidLoops (85 bytes)
Event: 5.338 Thread 0x000002090203a840 nmethod 2224 0x00000209647cd890 code [0x00000209647cda40, 0x00000209647ce268]
Event: 5.338 Thread 0x000002090203a840 2225   !   4       sun.java2d.SunGraphics2D::drawHiDPIImage (540 bytes)
Event: 5.339 Thread 0x000002090203a840 nmethod 2225 0x00000209647ce510 code [0x00000209647ce6a0, 0x00000209647ce7f8]
Event: 5.340 Thread 0x0000020902fceaa0 2226       1       java.awt.Component::isVisible_NoClientCode (5 bytes)
Event: 5.340 Thread 0x0000020902fceaa0 nmethod 2226 0x00000209647ce910 code [0x00000209647ceaa0, 0x00000209647ceb78]
Event: 5.364 Thread 0x000002090216e780 2227       3       java.lang.String::valueOf (15 bytes)
Event: 5.364 Thread 0x000002090216e780 nmethod 2227 0x000002095d64f790 code [0x000002095d64f940, 0x000002095d64fb48]

GC Heap History (6 events):
Event: 1.045 GC heap before
{Heap before GC invocations=0 (full 0):
 garbage-first heap   total 516096K, used 102400K [0x0000000609400000, 0x0000000800000000)
  region size 4096K, 6 young (24576K), 0 survivors (0K)
 Metaspace       used 9685K, committed 9856K, reserved 1064960K
  class space    used 1034K, committed 1152K, reserved 1048576K
}
Event: 1.048 GC heap after
{Heap after GC invocations=1 (full 0):
 garbage-first heap   total 516096K, used 82224K [0x0000000609400000, 0x0000000800000000)
  region size 4096K, 1 young (4096K), 1 survivors (4096K)
 Metaspace       used 9685K, committed 9856K, reserved 1064960K
  class space    used 1034K, committed 1152K, reserved 1048576K
}
Event: 2.512 GC heap before
{Heap before GC invocations=1 (full 0):
 garbage-first heap   total 516096K, used 241968K [0x0000000609400000, 0x0000000800000000)
  region size 4096K, 5 young (20480K), 1 survivors (4096K)
 Metaspace       used 9868K, committed 10112K, reserved 1064960K
  class space    used 1037K, committed 1152K, reserved 1048576K
}
Event: 2.515 GC heap after
{Heap after GC invocations=2 (full 0):
 garbage-first heap   total 516096K, used 156611K [0x0000000609400000, 0x0000000800000000)
  region size 4096K, 1 young (4096K), 1 survivors (4096K)
 Metaspace       used 9868K, committed 10112K, reserved 1064960K
  class space    used 1037K, committed 1152K, reserved 1048576K
}
Event: 4.012 GC heap before
{Heap before GC invocations=2 (full 0):
 garbage-first heap   total 516096K, used 238531K [0x0000000609400000, 0x0000000800000000)
  region size 4096K, 4 young (16384K), 1 survivors (4096K)
 Metaspace       used 9926K, committed 10176K, reserved 1064960K
  class space    used 1037K, committed 1152K, reserved 1048576K
}
Event: 4.013 GC heap after
{Heap after GC invocations=3 (full 0):
 garbage-first heap   total 516096K, used 86782K [0x0000000609400000, 0x0000000800000000)
  region size 4096K, 1 young (4096K), 1 survivors (4096K)
 Metaspace       used 9926K, committed 10176K, reserved 1064960K
  class space    used 1037K, committed 1152K, reserved 1048576K
}

Deoptimization events (20 events):
Event: 4.224 Thread 0x000002090a304a10 Uncommon trap: trap_request=0xffffff45 fr.pc=0x00000209647868f8 relative=0x00000000000005d8
Event: 4.224 Thread 0x000002090a304a10 Uncommon trap: reason=unstable_if action=reinterpret pc=0x00000209647868f8 method=java.awt.geom.AffineTransform.transform([DI[DII)V @ 41 c2
Event: 4.224 Thread 0x000002090a304a10 DEOPT PACKING pc=0x00000209647868f8 sp=0x000000c8780fe880
Event: 4.224 Thread 0x000002090a304a10 DEOPT UNPACKING pc=0x000002095cb723a3 sp=0x000000c8780fe7a0 mode 2
Event: 4.224 Thread 0x000002090a304a10 Uncommon trap: trap_request=0xffffff45 fr.pc=0x000002096478d658 relative=0x0000000000000118
Event: 4.224 Thread 0x000002090a304a10 Uncommon trap: reason=unstable_if action=reinterpret pc=0x000002096478d658 method=java.lang.StrictMath.floorOrCeil(DDDD)D @ 115 c2
Event: 4.224 Thread 0x000002090a304a10 DEOPT PACKING pc=0x000002096478d658 sp=0x000000c8780fe690
Event: 4.224 Thread 0x000002090a304a10 DEOPT UNPACKING pc=0x000002095cb723a3 sp=0x000000c8780fe550 mode 2
Event: 4.224 Thread 0x000002090a304a10 Uncommon trap: trap_request=0xffffff45 fr.pc=0x000002096476cee4 relative=0x0000000000000124
Event: 4.224 Thread 0x000002090a304a10 Uncommon trap: reason=unstable_if action=reinterpret pc=0x000002096476cee4 method=java.lang.StrictMath.floorOrCeil(DDDD)D @ 115 c2
Event: 4.224 Thread 0x000002090a304a10 DEOPT PACKING pc=0x000002096476cee4 sp=0x000000c8780fe5c0
Event: 4.224 Thread 0x000002090a304a10 DEOPT UNPACKING pc=0x000002095cb723a3 sp=0x000000c8780fe538 mode 2
Event: 4.752 Thread 0x0000020902c3cb50 Uncommon trap: trap_request=0xffffff45 fr.pc=0x00000209647a7a90 relative=0x0000000000000270
Event: 4.752 Thread 0x0000020902c3cb50 Uncommon trap: reason=unstable_if action=reinterpret pc=0x00000209647a7a90 method=java.util.Vector.removeElementAt(I)V @ 65 c2
Event: 4.752 Thread 0x0000020902c3cb50 DEOPT PACKING pc=0x00000209647a7a90 sp=0x000000c876bfe260
Event: 4.752 Thread 0x0000020902c3cb50 DEOPT UNPACKING pc=0x000002095cb723a3 sp=0x000000c876bfe218 mode 2
Event: 5.364 Thread 0x000002090a304a10 Uncommon trap: trap_request=0xffffff54 fr.pc=0x0000020964785508 relative=0x00000000000002c8
Event: 5.364 Thread 0x000002090a304a10 Uncommon trap: reason=speculate_null_assert action=make_not_entrant pc=0x0000020964785508 method=sun.java2d.SurfaceData.getSourceSurfaceData(Ljava/awt/Image;ILsun/java2d/loops/CompositeType;Ljava/awt/Color;)Lsun/java2d/SurfaceData; @ 45 c2
Event: 5.364 Thread 0x000002090a304a10 DEOPT PACKING pc=0x0000020964785508 sp=0x000000c8780fee40
Event: 5.364 Thread 0x000002090a304a10 DEOPT UNPACKING pc=0x000002095cb723a3 sp=0x000000c8780fee00 mode 2

Classes unloaded (0 events):
No events

Classes redefined (0 events):
No events

Internal exceptions (20 events):
Event: 0.069 Thread 0x00000209022375f0 Exception <a 'java/lang/NoSuchMethodError'{0x0000000628b6eb98}: 'void java.lang.invoke.DirectMethodHandle$Holder.invokeStatic(java.lang.Object, java.lang.Object)'> (0x0000000628b6eb98) 
thrown [s\open\src\hotspot\share\interpreter\linkResolver.cpp, line 759]
Event: 0.084 Thread 0x00000209552b4d30 Exception <a 'java/io/FileNotFoundException'{0x000000062840d8a8}> (0x000000062840d8a8) 
thrown [s\open\src\hotspot\share\prims\jni.cpp, line 516]
Event: 0.088 Thread 0x00000209552b4d30 Exception <a 'java/io/FileNotFoundException'{0x000000062843a8f0}> (0x000000062843a8f0) 
thrown [s\open\src\hotspot\share\prims\jni.cpp, line 516]
Event: 0.328 Thread 0x0000020902c3cb50 Exception <a 'java/lang/NoSuchMethodError'{0x00000006285cd1e8}: 'void java.lang.invoke.DirectMethodHandle$Holder.invokeSpecial(java.lang.Object, java.lang.Object, java.lang.Object)'> (0x00000006285cd1e8) 
thrown [s\open\src\hotspot\share\interpreter\linkResolver.cpp, line 759]
Event: 0.333 Thread 0x0000020902c3cb50 Exception <a 'java/lang/NoSuchMethodError'{0x0000000628672610}: 'java.lang.Object java.lang.invoke.DirectMethodHandle$Holder.newInvokeSpecial(java.lang.Object, java.lang.Object, java.lang.Object, java.lang.Object, java.lang.Object)'> (0x0000000628672610) 
thrown [s\open\src\hotspot\share\interpreter\linkResolver.cpp, line 759]
Event: 0.334 Thread 0x0000020902c3cb50 Exception <a 'java/lang/NoSuchMethodError'{0x000000062867dfd8}: 'java.lang.Object java.lang.invoke.DirectMethodHandle$Holder.invokeStatic(java.lang.Object, int, java.lang.Object, java.lang.Object, java.lang.Object, java.lang.Object)'> (0x000000062867dfd8) 
thrown [s\open\src\hotspot\share\interpreter\linkResolver.cpp, line 759]
Event: 0.336 Thread 0x0000020902c3cb50 Exception <a 'java/lang/NoSuchMethodError'{0x00000006286a36f8}: 'java.lang.Object java.lang.invoke.DirectMethodHandle$Holder.invokeStatic(java.lang.Object, int, java.lang.Object)'> (0x00000006286a36f8) 
thrown [s\open\src\hotspot\share\interpreter\linkResolver.cpp, line 759]
Event: 0.350 Thread 0x0000020902c3cb50 Exception <a 'java/lang/ClassNotFoundException'{0x000000062875b338}: com/sun/swing/internal/plaf/metal/resources/spi/metalProvider> (0x000000062875b338) 
thrown [s\open\src\hotspot\share\classfile\systemDictionary.cpp, line 256]
Event: 0.351 Thread 0x0000020902c3cb50 Exception <a 'java/lang/ClassNotFoundException'{0x0000000628761170}: com/sun/swing/internal/plaf/basic/resources/spi/basicProvider> (0x0000000628761170) 
thrown [s\open\src\hotspot\share\classfile\systemDictionary.cpp, line 256]
Event: 0.361 Thread 0x0000020902c5d650 Exception <a 'java/lang/NoSuchMethodError'{0x0000000628505a90}: 'void java.lang.invoke.DirectMethodHandle$Holder.invokeVirtual(java.lang.Object, java.lang.Object)'> (0x0000000628505a90) 
thrown [s\open\src\hotspot\share\interpreter\linkResolver.cpp, line 759]
Event: 0.371 Thread 0x0000020902c3cb50 Exception <a 'java/lang/NoSuchMethodError'{0x000000062879fdd8}: 'void java.lang.invoke.DirectMethodHandle$Holder.invokeStaticInit(java.lang.Object)'> (0x000000062879fdd8) 
thrown [s\open\src\hotspot\share\interpreter\linkResolver.cpp, line 759]
Event: 0.376 Thread 0x0000020902c3cb50 Exception <a 'java/io/FileNotFoundException'{0x00000006287ac9f0}> (0x00000006287ac9f0) 
thrown [s\open\src\hotspot\share\prims\jni.cpp, line 516]
Event: 0.446 Thread 0x0000020902c3cb50 Exception <a 'java/lang/NoSuchMethodError'{0x00000006280759f0}: 'java.lang.Object java.lang.invoke.DirectMethodHandle$Holder.invokeStaticInit(java.lang.Object, int, int, int, int)'> (0x00000006280759f0) 
thrown [s\open\src\hotspot\share\interpreter\linkResolver.cpp, line 759]
Event: 0.482 Thread 0x0000020902c3cb50 Exception <a 'java/lang/NoSuchMethodError'{0x000000062813d6c0}: 'java.lang.Object java.lang.invoke.DirectMethodHandle$Holder.invokeStaticInit(java.lang.Object, java.lang.Object, int, int, int, int)'> (0x000000062813d6c0) 
thrown [s\open\src\hotspot\share\interpreter\linkResolver.cpp, line 759]
Event: 0.680 Thread 0x000002090a304a10 Exception <a 'java/lang/NoSuchMethodError'{0x0000000627f96f50}: 'void java.lang.invoke.DirectMethodHandle$Holder.invokeStatic(java.lang.Object, java.lang.Object, java.lang.Object)'> (0x0000000627f96f50) 
thrown [s\open\src\hotspot\share\interpreter\linkResolver.cpp, line 759]
Event: 0.681 Thread 0x000002090a304a10 Exception <a 'java/lang/NoSuchMethodError'{0x0000000627f9dd48}: 'java.lang.Object java.lang.invoke.DirectMethodHandle$Holder.invokeInterface(java.lang.Object, java.lang.Object)'> (0x0000000627f9dd48) 
thrown [s\open\src\hotspot\share\interpreter\linkResolver.cpp, line 759]
Event: 0.681 Thread 0x000002090a304a10 Exception <a 'java/lang/IncompatibleClassChangeError'{0x0000000627fa1298}: Found class java.lang.Object, but interface was expected> (0x0000000627fa1298) 
thrown [s\open\src\hotspot\share\interpreter\linkResolver.cpp, line 826]
Event: 0.682 Thread 0x000002090a304a10 Exception <a 'java/lang/NoSuchMethodError'{0x0000000627fa4648}: 'void java.lang.invoke.DirectMethodHandle$Holder.invokeStatic(java.lang.Object, java.lang.Object, java.lang.Object, java.lang.Object)'> (0x0000000627fa4648) 
thrown [s\open\src\hotspot\share\interpreter\linkResolver.cpp, line 759]
Event: 2.516 Thread 0x000002090a304a10 Implicit null exception at 0x000002096477127d to 0x0000020964771b90
Event: 2.963 Thread 0x000002090a304a10 Implicit null exception at 0x000002096477d0c9 to 0x00000209647810b0

VM Operations (20 events):
Event: 0.119 Executing VM operation: HandshakeAllThreads
Event: 0.119 Executing VM operation: HandshakeAllThreads done
Event: 0.382 Executing VM operation: HandshakeAllThreads
Event: 0.382 Executing VM operation: HandshakeAllThreads done
Event: 0.525 Executing VM operation: HandshakeAllThreads
Event: 0.525 Executing VM operation: HandshakeAllThreads done
Event: 0.820 Executing VM operation: ICBufferFull
Event: 0.820 Executing VM operation: ICBufferFull done
Event: 1.045 Executing VM operation: G1CollectForAllocation
Event: 1.048 Executing VM operation: G1CollectForAllocation done
Event: 2.059 Executing VM operation: Cleanup
Event: 2.059 Executing VM operation: Cleanup done
Event: 2.512 Executing VM operation: G1TryInitiateConcMark
Event: 2.515 Executing VM operation: G1TryInitiateConcMark done
Event: 4.012 Executing VM operation: G1TryInitiateConcMark
Event: 4.013 Executing VM operation: G1TryInitiateConcMark done
Event: 4.022 Executing VM operation: HandshakeAllThreads
Event: 4.022 Executing VM operation: HandshakeAllThreads done
Event: 5.021 Executing VM operation: Cleanup
Event: 5.021 Executing VM operation: Cleanup done

Events (20 events):
Event: 4.031 loading class jdk/internal/math/FormattedFloatingDecimal$2
Event: 4.031 loading class jdk/internal/math/FormattedFloatingDecimal$2 done
Event: 4.031 loading class java/awt/geom/Line2D$Double
Event: 4.031 loading class java/awt/geom/Line2D$Double done
Event: 4.138 Thread 0x000002090adc2410 Thread added: 0x000002090adc2410
Event: 4.152 Thread 0x0000020902fceaa0 Thread added: 0x0000020902fceaa0
Event: 4.352 Thread 0x000002090adc28e0 Thread added: 0x000002090adc28e0
Event: 4.752 Thread 0x000002090adc5dd0 Thread exited: 0x000002090adc5dd0
Event: 4.753 Thread 0x000002090adc3c20 Thread added: 0x000002090adc3c20
Event: 5.065 Thread 0x000002090adc3750 Thread added: 0x000002090adc3750
Event: 5.340 Thread 0x000002090adc15a0 Thread added: 0x000002090adc15a0
Event: 5.340 Thread 0x000002090adc40f0 Thread added: 0x000002090adc40f0
Event: 5.340 Thread 0x000002090adc5430 Thread added: 0x000002090adc5430
Event: 5.340 loading class java/util/WeakHashMap$KeyIterator
Event: 5.340 Thread 0x000002090adc5430 Thread exited: 0x000002090adc5430
Event: 5.340 loading class java/util/WeakHashMap$HashIterator
Event: 5.340 loading class java/util/WeakHashMap$HashIterator done
Event: 5.340 loading class java/util/WeakHashMap$KeyIterator done
Event: 5.340 Thread 0x000002090adc40f0 Thread exited: 0x000002090adc40f0
Event: 5.348 Thread 0x000002090a307090 Thread exited: 0x000002090a307090


Dynamic libraries:
0x00007ff7142e0000 - 0x00007ff7142f0000 	X:\jdk\pack\bin\java.exe
0x00007ffd6f330000 - 0x00007ffd6f527000 	C:\Windows\SYSTEM32\ntdll.dll
0x00007ffd6f180000 - 0x00007ffd6f23d000 	C:\Windows\System32\KERNEL32.DLL
0x00007ffd6cea0000 - 0x00007ffd6d196000 	C:\Windows\System32\KERNELBASE.dll
0x00007ffd6cda0000 - 0x00007ffd6cea0000 	C:\Windows\System32\ucrtbase.dll
0x00007ffd66730000 - 0x00007ffd66748000 	X:\jdk\pack\bin\jli.dll
0x00007ffd690e0000 - 0x00007ffd690fa000 	X:\jdk\pack\bin\VCRUNTIME140.dll
0x00007ffd6f240000 - 0x00007ffd6f2ee000 	C:\Windows\System32\ADVAPI32.dll
0x00007ffd6e150000 - 0x00007ffd6e1ee000 	C:\Windows\System32\msvcrt.dll
0x00007ffd6f0e0000 - 0x00007ffd6f17c000 	C:\Windows\System32\sechost.dll
0x00007ffd6ece0000 - 0x00007ffd6ee06000 	C:\Windows\System32\RPCRT4.dll
0x00007ffd6ee20000 - 0x00007ffd6efbe000 	C:\Windows\System32\USER32.dll
0x00007ffd6ca40000 - 0x00007ffd6ca62000 	C:\Windows\System32\win32u.dll
0x00007ffd59f80000 - 0x00007ffd5a21a000 	C:\Windows\WinSxS\amd64_microsoft.windows.common-controls_6595b64144ccf1df_6.0.19041.3570_none_60bb2a3971f3e41a\COMCTL32.dll
0x00007ffd6e210000 - 0x00007ffd6e23c000 	C:\Windows\System32\GDI32.dll
0x00007ffd6ca70000 - 0x00007ffd6cb8a000 	C:\Windows\System32\gdi32full.dll
0x00007ffd6d2a0000 - 0x00007ffd6d33d000 	C:\Windows\System32\msvcp_win.dll
0x00007ffd65450000 - 0x00007ffd6545a000 	C:\Windows\SYSTEM32\VERSION.dll
0x00007ffd6dbd0000 - 0x00007ffd6dc00000 	C:\Windows\System32\IMM32.DLL
0x00007ffd690d0000 - 0x00007ffd690dc000 	X:\jdk\pack\bin\vcruntime140_1.dll
0x00007ffd5cda0000 - 0x00007ffd5ce2d000 	X:\jdk\pack\bin\msvcp140.dll
0x00007ffcda9a0000 - 0x00007ffcdb562000 	X:\jdk\pack\bin\server\jvm.dll
0x00007ffd6d6f0000 - 0x00007ffd6d6f8000 	C:\Windows\System32\PSAPI.DLL
0x00007ffd625e0000 - 0x00007ffd62607000 	C:\Windows\SYSTEM32\WINMM.dll
0x00007ffd56730000 - 0x00007ffd56739000 	C:\Windows\SYSTEM32\WSOCK32.dll
0x00007ffd6ec10000 - 0x00007ffd6ec7b000 	C:\Windows\System32\WS2_32.dll
0x00007ffd6b240000 - 0x00007ffd6b252000 	C:\Windows\SYSTEM32\kernel.appcore.dll
0x00007ffd67f90000 - 0x00007ffd67f9a000 	X:\jdk\pack\bin\jimage.dll
0x00007ffd6afe0000 - 0x00007ffd6b1c4000 	C:\Windows\SYSTEM32\DBGHELP.DLL
0x00007ffd638f0000 - 0x00007ffd63924000 	C:\Windows\SYSTEM32\dbgcore.DLL
0x00007ffd6d1a0000 - 0x00007ffd6d222000 	C:\Windows\System32\bcryptPrimitives.dll
0x00007ffd666e0000 - 0x00007ffd666ee000 	X:\jdk\pack\bin\instrument.dll
0x00007ffd65a80000 - 0x00007ffd65aa5000 	X:\jdk\pack\bin\java.dll
0x00007ffd5c210000 - 0x00007ffd5c2e6000 	X:\jdk\pack\bin\jsvml.dll
0x00007ffd6e370000 - 0x00007ffd6eab4000 	C:\Windows\System32\SHELL32.dll
0x00007ffd6a780000 - 0x00007ffd6af1b000 	C:\Windows\SYSTEM32\windows.storage.dll
0x00007ffd6d390000 - 0x00007ffd6d6e4000 	C:\Windows\System32\combase.dll
0x00007ffd6c450000 - 0x00007ffd6c47d000 	C:\Windows\SYSTEM32\Wldp.dll
0x00007ffd6dac0000 - 0x00007ffd6db6d000 	C:\Windows\System32\SHCORE.dll
0x00007ffd6ec80000 - 0x00007ffd6ecd5000 	C:\Windows\System32\shlwapi.dll
0x00007ffd6c970000 - 0x00007ffd6c995000 	C:\Windows\SYSTEM32\profapi.dll
0x00007ffd65a50000 - 0x00007ffd65a68000 	X:\jdk\pack\bin\zip.dll
0x00007ffd63930000 - 0x00007ffd63949000 	X:\jdk\pack\bin\net.dll
0x00007ffd69140000 - 0x00007ffd6924a000 	C:\Windows\SYSTEM32\WINHTTP.dll
0x00007ffd6c1b0000 - 0x00007ffd6c21a000 	C:\Windows\system32\mswsock.dll
0x00007ffd61940000 - 0x00007ffd61956000 	X:\jdk\pack\bin\nio.dll
0x00007ffd5d950000 - 0x00007ffd5d96a000 	X:\IntelliJIDEA\pack\IntelliJ IDEA Community Edition 2023.2.2\bin\breakgen64.dll
0x00007ffd0ead0000 - 0x00007ffd0ec5f000 	X:\jdk\pack\bin\awt.dll
0x00007ffd6d8c0000 - 0x00007ffd6d98d000 	C:\Windows\System32\OLEAUT32.dll
0x00007ffd68fa0000 - 0x00007ffd69030000 	C:\Windows\SYSTEM32\apphelp.dll
0x00007ffd69fc0000 - 0x00007ffd6a05e000 	C:\Windows\system32\uxtheme.dll
0x00007ffd6efc0000 - 0x00007ffd6f0d4000 	C:\Windows\System32\MSCTF.dll
0x00007ffd6e240000 - 0x00007ffd6e36b000 	C:\Windows\System32\ole32.dll
0x00007ffd6a190000 - 0x00007ffd6a1bf000 	C:\Windows\system32\DWMAPI.DLL
0x00007ffd02f80000 - 0x00007ffd030a5000 	C:\Windows\system32\opengl32.dll
0x00007ffd2d010000 - 0x00007ffd2d03c000 	C:\Windows\SYSTEM32\GLU32.dll
0x00007ffd6c4f0000 - 0x00007ffd6c517000 	C:\Windows\SYSTEM32\bcrypt.dll
0x00007ffd6c610000 - 0x00007ffd6c622000 	C:\Windows\SYSTEM32\msasn1.dll
0x00007ffd650c0000 - 0x00007ffd650f1000 	C:\Windows\SYSTEM32\cryptnet.dll
0x00007ffd6cc40000 - 0x00007ffd6cd9d000 	C:\Windows\System32\CRYPT32.dll
0x00007ffd6c3c0000 - 0x00007ffd6c3cc000 	C:\Windows\SYSTEM32\cryptbase.dll
0x00007ffd6d230000 - 0x00007ffd6d297000 	C:\Windows\System32\WINTRUST.DLL
0x00007ffd6e1f0000 - 0x00007ffd6e20d000 	C:\Windows\System32\imagehlp.dll
0x00007ffd6c3a0000 - 0x00007ffd6c3b8000 	C:\Windows\SYSTEM32\CRYPTSP.dll
0x00007ffd6ba50000 - 0x00007ffd6ba84000 	C:\Windows\system32\rsaenh.dll
0x00007ffd64f70000 - 0x00007ffd650b8000 	C:\Windows\SYSTEM32\drvstore.dll
0x00007ffd6c7d0000 - 0x00007ffd6c803000 	C:\Windows\SYSTEM32\devobj.dll
0x00007ffd6d340000 - 0x00007ffd6d38e000 	C:\Windows\System32\cfgmgr32.dll
0x00007ffd150f0000 - 0x00007ffd153b3000 	C:\Windows\system32\nvspcap64.dll
0x00007ffd6bb90000 - 0x00007ffd6bbc3000 	C:\Windows\SYSTEM32\ntmarta.dll
0x00007ffd6b260000 - 0x00007ffd6b283000 	C:\Windows\SYSTEM32\gpapi.dll
0x00007ffd5fd50000 - 0x00007ffd5fd8b000 	C:\Windows\SYSTEM32\dxcore.dll
0x00007ffd6bf70000 - 0x00007ffd6bfbb000 	C:\Windows\SYSTEM32\POWRPROF.dll
0x00007ffd6be30000 - 0x00007ffd6be42000 	C:\Windows\SYSTEM32\UMPDC.dll
0x00007ffd2d980000 - 0x00007ffd2da09000 	X:\jdk\pack\bin\freetype.dll
0x00007ffd0fdc0000 - 0x00007ffd0fe68000 	X:\jdk\pack\bin\fontmanager.dll
0x00007ffd633c0000 - 0x00007ffd634ba000 	C:\Windows\SYSTEM32\textinputframework.dll
0x00007ffd682b0000 - 0x00007ffd6860b000 	C:\Windows\System32\CoreUIComponents.dll
0x00007ffd68a30000 - 0x00007ffd68b22000 	C:\Windows\System32\CoreMessaging.dll
0x00007ffd69380000 - 0x00007ffd694d5000 	C:\Windows\SYSTEM32\wintypes.dll
0x00007ffd5d070000 - 0x00007ffd5d0d6000 	C:\Windows\system32\Oleacc.dll
0x00007ffd6c8f0000 - 0x00007ffd6c91e000 	C:\Windows\SYSTEM32\USERENV.dll
0x00007ffd6be50000 - 0x00007ffd6be8b000 	C:\Windows\SYSTEM32\IPHLPAPI.DLL
0x00007ffd6ee10000 - 0x00007ffd6ee18000 	C:\Windows\System32\NSI.dll
0x00007ffd66780000 - 0x00007ffd66797000 	C:\Windows\SYSTEM32\dhcpcsvc6.DLL
0x00007ffd66880000 - 0x00007ffd6689d000 	C:\Windows\SYSTEM32\dhcpcsvc.DLL
0x00007ffd6bea0000 - 0x00007ffd6bf6a000 	C:\Windows\SYSTEM32\DNSAPI.dll
0x00007ffd5cfc0000 - 0x00007ffd5cfd1000 	X:\jdk\pack\bin\jsound.dll
0x00007ffd33810000 - 0x00007ffd338ac000 	C:\Windows\SYSTEM32\DSOUND.dll
0x00007ffd59120000 - 0x00007ffd59146000 	C:\Windows\SYSTEM32\winmmbase.dll
0x00007ffd6d990000 - 0x00007ffd6da39000 	C:\Windows\System32\clbcatq.dll
0x00007ffd66e10000 - 0x00007ffd66e95000 	C:\Windows\System32\MMDevApi.dll
0x00007ffd37720000 - 0x00007ffd37766000 	C:\Windows\SYSTEM32\wdmaud.drv
0x00007ffd5bad0000 - 0x00007ffd5bad9000 	C:\Windows\SYSTEM32\ksuser.dll
0x00007ffd66770000 - 0x00007ffd6677a000 	C:\Windows\SYSTEM32\AVRT.dll
0x00007ffd66ea0000 - 0x00007ffd67022000 	C:\Windows\SYSTEM32\AUDIOSES.DLL
0x00007ffd50230000 - 0x00007ffd5023d000 	C:\Windows\SYSTEM32\msacm32.drv
0x00007ffd41f20000 - 0x00007ffd41f3e000 	C:\Windows\SYSTEM32\MSACM32.dll
0x00007ffd4ddb0000 - 0x00007ffd4ddbb000 	C:\Windows\SYSTEM32\midimap.dll
0x00007ffd6a1c0000 - 0x00007ffd6a1d4000 	C:\Windows\SYSTEM32\resourcepolicyclient.dll
0x00007ffd3b0c0000 - 0x00007ffd3b201000 	C:\Windows\System32\Windows.UI.dll
0x00007ffd4ba10000 - 0x00007ffd4bb62000 	C:\Windows\System32\InputHost.dll
0x00007ffd66040000 - 0x00007ffd660e1000 	C:\Windows\System32\WindowManagementAPI.dll
0x00007ffd65dd0000 - 0x00007ffd65fd7000 	C:\Windows\SYSTEM32\twinapi.appcore.dll
0x00007ffd69c70000 - 0x00007ffd69d66000 	C:\Windows\System32\PROPSYS.dll

dbghelp: loaded successfully - version: 4.0.5 - missing functions: none
symbol engine: initialized successfully - sym options: 0x614 - pdb path: .;X:\jdk\pack\bin;C:\Windows\SYSTEM32;C:\Windows\WinSxS\amd64_microsoft.windows.common-controls_6595b64144ccf1df_6.0.19041.3570_none_60bb2a3971f3e41a;X:\jdk\pack\bin\server;X:\IntelliJIDEA\pack\IntelliJ IDEA Community Edition 2023.2.2\bin;C:\Windows\System32\DriverStore\FileRepository\nvam.inf_amd64_4c9ded46d0fbe1f8;C:\Windows\System32\DriverStore\FileRepository\u0367253.inf_amd64_5d996bffd3e6ef0f\B367116

VM Arguments:
jvm_args: -javaagent:X:\IntelliJIDEA\pack\IntelliJ IDEA Community Edition 2023.2.2\lib\idea_rt.jar=55238:X:\IntelliJIDEA\pack\IntelliJ IDEA Community Edition 2023.2.2\bin -Dfile.encoding=UTF-8 
java_command: controller.mvc.game.Game
java_class_path (initial): Y:\Research\Java\projava-Rusching\target\classes;C:\Users\86151\.m2\repository\junit\junit\4.11\junit-4.11.jar;C:\Users\86151\.m2\repository\org\hamcrest\hamcrest-core\1.1\hamcrest-core-1.1.jar
Launcher Type: SUN_STANDARD

[Global flags]
     intx CICompilerCount                          = 12                                        {product} {ergonomic}
     uint ConcGCThreads                            = 3                                         {product} {ergonomic}
     uint G1ConcRefinementThreads                  = 13                                        {product} {ergonomic}
   size_t G1HeapRegionSize                         = 4194304                                   {product} {ergonomic}
    uintx GCDrainStackTargetSize                   = 64                                        {product} {ergonomic}
   size_t InitialHeapSize                          = 528482304                                 {product} {ergonomic}
   size_t MarkStackSize                            = 4194304                                   {product} {ergonomic}
   size_t MaxHeapSize                              = 8434745344                                {product} {ergonomic}
   size_t MaxNewSize                               = 5058330624                                {product} {ergonomic}
   size_t MinHeapDeltaBytes                        = 4194304                                   {product} {ergonomic}
   size_t MinHeapSize                              = 8388608                                   {product} {ergonomic}
    uintx NonNMethodCodeHeapSize                   = 7602480                                {pd product} {ergonomic}
    uintx NonProfiledCodeHeapSize                  = 122027880                              {pd product} {ergonomic}
    uintx ProfiledCodeHeapSize                     = 122027880                              {pd product} {ergonomic}
    uintx ReservedCodeCacheSize                    = 251658240                              {pd product} {ergonomic}
     bool SegmentedCodeCache                       = true                                      {product} {ergonomic}
   size_t SoftMaxHeapSize                          = 8434745344                             {manageable} {ergonomic}
     bool UseCompressedClassPointers               = true                           {product lp64_product} {ergonomic}
     bool UseCompressedOops                        = true                           {product lp64_product} {ergonomic}
     bool UseG1GC                                  = true                                      {product} {ergonomic}
     bool UseLargePagesIndividualAllocation        = false                                  {pd product} {ergonomic}

Logging:
Log output configuration:
 #0: stdout all=warning uptime,level,tags
 #1: stderr all=off uptime,level,tags

Environment Variables:
PATH=X:\Anaconda\pack\condabin;C:\Program Files\Common Files\Oracle\Java\javapath;X:\ImageMagick\pack\ImageMagick-7.1.0-Q16-HDRI;C:\Windows\system32;C:\Windows;C:\Windows\System32\Wbem;C:\Windows\System32\WindowsPowerShell\v1.0\;C:\Windows\System32\OpenSSH\;C:\Program Files (x86)\NVIDIA Corporation\PhysX\Common;C:\Program Files\NVIDIA Corporation\NVIDIA NvDLISR;X:\git\pack\Git\cmd;X:\python-3.9.12\pack;X:\python-3.9.12\pack\Scripts;X:\python-3.10.10\pack;X:\python-3.10.10\pack\Scripts;X:\python-3.7.9\pack;X:\python-3.7.9\pack\Scripts;X:\python-3.8.10\pack;X:\python-3.8.10\pack\Scripts;X:\python\pack;X:\python\pack\Scripts;X:\inkspace\pack\Inkscape\bin;X:\Anaconda\pack\Scripts;X:\Anaconda\pack\envs\deepsvg;C:\Program Files\dotnet\;X:\potrace-1.16.win64\potrace-1.16.win64;X:\ImageMagick\pack\ImageMagick-7.1.0-Q16-HDRI;X:\autotrace-0.40.0-20200219-win64-setup\pack\AutoTrace;X:\pngquant-windows\pngquant;X:\pngnq-0.5-i386-win;X:\matlab_R2022a\pack\bin;X:\x86_64-8.1.0-release-win32-seh-rt_v6-rev0\mingw64\bin;X:\node-v16.18.0-x64\pack\;C:\Users\86151\AppData\Roaming\Python\Scripts;X:\vcpkg\installed;C:\Users\86151\AppData\Local\vcpkg\archives;X:\vcpkg\packages\openimageio_x64-windows\lib\python3.10\site-packages\OpenImageIO;X:\vcpkg\buildtrees\openimageio\src\v2.4.5.0-b216103625.clean\src;X:\vcpkg\buildtrees\openimageio\x64-windows-rel\bin;X:\IntelliJIDEA\pack\IntelliJ IDEA Community Edition 2023.2.2\bin;X:\datagrip\pack\DataGrip 2023.2.2\bin;X:\mongodb\mongosh-2.0.2-win32-x64\mongosh-2.0.2-win32-x64\bin;C:\Program Files\MongoDB\Server\7.0\bin;X:\mongodb\mongodb-database-tools-windows-x86_64-100.9.2\mongodb-database-tools-windows-x86_64-100.9.2\bin;C:\Program Files\MySQL\MySQL Shell 8.0\bin\;X:\python-3.9.12\pack\Scripts\;X:\python-3.9.12\pack\;C:\Users\86151\AppData\Local\Microsoft\WindowsApps;;X:\VSCode\pack\Microsoft VS Code\bin;C:\Users\86151\AppData\Roaming\npm;C:\Users\86151\.dotnet\tools;X:\IntelliJIDEA\pack\IntelliJ IDEA Community Edition 2023.2.2\bin;;X:\datagrip\pac
USERNAME=86151
OS=Windows_NT
PROCESSOR_IDENTIFIER=AMD64 Family 25 Model 80 Stepping 0, AuthenticAMD



---------------  S Y S T E M  ---------------

OS:
 Windows 10 , 64 bit Build 19041 (10.0.19041.3570)
OS uptime: 7 days 1:10 hours

CPU: total 16 (initial active 16) (16 cores per cpu, 2 threads per core) family 25 model 80 stepping 0 microcode 0x0, cx8, cmov, fxsr, ht, mmx, 3dnowpref, sse, sse2, sse3, ssse3, sse4a, sse4.1, sse4.2, popcnt, lzcnt, tsc, tscinvbit, avx, avx2, aes, erms, clmul, bmi1, bmi2, adx, sha, fma, vzeroupper, clflush, clflushopt

Memory: 4k page, system-wide physical 32160M (15664M free)
TotalPageFile size 37024M (AvailPageFile size 7731M)
current process WorkingSet (physical memory assigned to process): 339M, peak: 372M
current process commit charge ("private bytes"): 822M, peak: 857M

vm_info: Java HotSpot(TM) 64-Bit Server VM (17.0.4.1+1-LTS-2) for windows-amd64 JRE (17.0.4.1+1-LTS-2), built on Aug 16 2022 18:32:06 by "mach5one" with MS VC++ 16.8 / 16.9 (VS2019)

END.
